<?xml version="1.0" encoding="UTF-8"?>
<testng-results skipped="0" failed="0" ignored="0" total="1" passed="1">
  <reporter-output>
  </reporter-output>
  <suite name="Default suite" duration-ms="3161" started-at="2020-10-20T19:27:53 COT" finished-at="2020-10-20T19:27:56 COT">
    <groups>
    </groups>
    <test name="Default test" duration-ms="3161" started-at="2020-10-20T19:27:53 COT" finished-at="2020-10-20T19:27:56 COT">
      <class name="edu.unisab.test_webservices.Test_Rest_Post">
        <test-method status="PASS" signature="Rest_Post()[pri:0, instance:edu.unisab.test_webservices.Test_Rest_Post@4e7dc304]" name="Rest_Post" duration-ms="3110" started-at="2020-10-20T19:27:53 COT" finished-at="2020-10-20T19:27:56 COT">
          <reporter-output>
          </reporter-output>
        </test-method> <!-- Rest_Post -->
      </class> <!-- edu.unisab.test_webservices.Test_Rest_Post -->
    </test> <!-- Default test -->
  </suite> <!-- Default suite -->
</testng-results>
